<?xml version="1.0" encoding="utf-8"?><testsuites name="pytest tests"><testsuite name="pytest" errors="0" failures="3" skipped="0" tests="12" time="6.262" timestamp="2026-05-24T21:22:07.561586+00:00" hostname="agent-env-066a9fc5-0c3e-4df0-96a8-93d7ca58076c"><testcase classname="backend.tests.test_iteration37_fixes" name="test_get_users_200" time="2.281" /><testcase classname="backend.tests.test_iteration37_fixes" name="test_get_users_no_auth_returns_401" time="0.109" /><testcase classname="backend.tests.test_iteration37_fixes" name="test_get_settings_200" time="0.140" /><testcase classname="backend.tests.test_iteration37_fixes" name="test_put_settings_preserves_logo" time="0.346" /><testcase classname="backend.tests.test_iteration37_fixes" name="test_get_products_200" time="0.775" /><testcase classname="backend.tests.test_iteration37_fixes" name="test_get_digitalizador_history_200" time="0.120" /><testcase classname="backend.tests.test_iteration37_fixes" name="test_admin_sees_all_contacts" time="0.108" /><testcase classname="backend.tests.test_iteration37_fixes" name="test_post_contact_assigns_created_by_user_id" time="0.768"><failure message="AssertionError: createdByUserId expected user-1df2ee7a got None&#10;assert None == 'user-1df2ee7a'&#10; +  where None = &lt;built-in method get of dict object at 0xfd0835aec5c0&gt;('createdByUserId')&#10; +    where &lt;built-in method get of dict object at 0xfd0835aec5c0&gt; = {'address': '', 'assignedToId': None, 'businessType': '', 'city': '', ...}.get">E   AssertionError: createdByUserId expected user-1df2ee7a got None
    assert None == 'user-1df2ee7a'
     +  where None = &lt;built-in method get of dict object at 0xfd0835aec5c0&gt;('createdByUserId')
     +    where &lt;built-in method get of dict object at 0xfd0835aec5c0&gt; = {'address': '', 'assignedToId': None, 'businessType': '', 'city': '', ...}.get</failure></testcase><testcase classname="backend.tests.test_iteration37_fixes" name="test_rep_only_sees_own_contacts" time="0.314"><failure message="AssertionError: Isolation BROKEN: rep can see admin's contact!&#10;assert 'cont-eed493e2' not in ['cont-cf5d25c6', 'cont-eed493e2', 'cont-e98dabb1', 'cont-76cd6071', 'cont-27f88775', 'cont-d2fead78', ...]">E   AssertionError: Isolation BROKEN: rep can see admin's contact!
    assert 'cont-eed493e2' not in ['cont-cf5d25c6', 'cont-eed493e2', 'cont-e98dabb1', 'cont-76cd6071', 'cont-27f88775', 'cont-d2fead78', ...]</failure></testcase><testcase classname="backend.tests.test_iteration37_fixes" name="test_delete_client_with_linked_users_requires_force" time="0.896" /><testcase classname="backend.tests.test_iteration37_fixes" name="test_delete_client_no_links" time="0.115" /><testcase classname="backend.tests.test_iteration37_fixes" name="test_post_clients_broken_codigo_field_regression" time="0.211"><failure message="Failed: KNOWN BUG: POST /api/clients returns 500. server.py line ~1028 uses client.codigo, but ClientCreate has 'code'. Body: Internal Server Error">E   Failed: KNOWN BUG: POST /api/clients returns 500. server.py line ~1028 uses client.codigo, but ClientCreate has 'code'. Body: Internal Server Error</failure></testcase></testsuite></testsuites>