<?xml version="1.0" encoding="utf-8"?><testsuites name="pytest tests"><testsuite name="pytest" errors="0" failures="0" skipped="0" tests="14" time="7.877" timestamp="2026-05-24T21:27:52.482840+00:00" hostname="agent-env-066a9fc5-0c3e-4df0-96a8-93d7ca58076c"><testcase classname="tests.test_iteration37_fixes" name="test_get_users_200" time="2.758" /><testcase classname="tests.test_iteration37_fixes" name="test_get_users_no_auth_returns_401" time="0.139" /><testcase classname="tests.test_iteration37_fixes" name="test_get_settings_200" time="0.125" /><testcase classname="tests.test_iteration37_fixes" name="test_put_settings_preserves_logo" time="0.348" /><testcase classname="tests.test_iteration37_fixes" name="test_get_products_200" time="0.747" /><testcase classname="tests.test_iteration37_fixes" name="test_get_digitalizador_history_200" time="0.152" /><testcase classname="tests.test_iteration37_fixes" name="test_admin_sees_all_contacts" time="0.119" /><testcase classname="tests.test_iteration37_fixes" name="test_post_contact_assigns_created_by_user_id" time="0.856" /><testcase classname="tests.test_iteration37_fixes" name="test_rep_only_sees_own_contacts" time="0.594" /><testcase classname="tests.test_iteration37_fixes" name="test_delete_client_with_linked_users_requires_force" time="0.898" /><testcase classname="tests.test_iteration37_fixes" name="test_delete_client_no_links" time="0.103" /><testcase classname="tests.test_iteration37_fixes" name="test_post_clients_spanish_payload" time="0.224" /><testcase classname="tests.test_iteration37_fixes" name="test_post_clients_english_payload_normalized" time="0.250" /><testcase classname="tests.test_iteration37_fixes" name="test_post_clients_duplicate_codigo_returns_400" time="0.428" /></testsuite></testsuites>