<?xml version="1.0" encoding="utf-8"?><testsuites name="pytest tests"><testsuite name="pytest" errors="0" failures="0" skipped="0" tests="9" time="4.232" timestamp="2026-03-21T20:02:20.848838+00:00" hostname="agent-env-de485c18-bd19-43fe-b648-a7175fb97ef7"><testcase classname="backend.tests.test_manufacturing_features.TestManufacturingNumber" name="test_create_order_generates_manufacturing_number" time="0.505" /><testcase classname="backend.tests.test_manufacturing_features.TestManufacturingNumber" name="test_manufacturing_number_is_sequential" time="0.639" /><testcase classname="backend.tests.test_manufacturing_features.TestManufacturingNumber" name="test_get_order_includes_manufacturing_number" time="0.460" /><testcase classname="backend.tests.test_manufacturing_features.TestManufacturingNumber" name="test_list_orders_includes_manufacturing_number" time="0.214" /><testcase classname="backend.tests.test_manufacturing_features.TestDespieceCalculation" name="test_despiece_endpoint_exists" time="0.489" /><testcase classname="backend.tests.test_manufacturing_features.TestFactoryOrdersCRUD" name="test_create_order" time="0.377" /><testcase classname="backend.tests.test_manufacturing_features.TestFactoryOrdersCRUD" name="test_update_order_status" time="0.559" /><testcase classname="backend.tests.test_manufacturing_features.TestFactoryOrdersCRUD" name="test_delete_order" time="0.659" /><testcase classname="backend.tests.test_manufacturing_features.TestDashboardStats" name="test_dashboard_stats_endpoint" time="0.261" /></testsuite></testsuites>