<?xml version="1.0" encoding="utf-8"?><testsuites name="pytest tests"><testsuite name="pytest" errors="0" failures="0" skipped="0" tests="16" time="1.580" timestamp="2026-01-25T19:28:53.201658+00:00" hostname="agent-env-fe476722-c215-4fec-a4e6-3c5f439cd7a4"><testcase classname="backend.tests.test_p1_p2_features.TestP1BusinessTypeFiltering" name="test_get_opportunities_without_filter" time="0.063" /><testcase classname="backend.tests.test_p1_p2_features.TestP1BusinessTypeFiltering" name="test_get_opportunities_filter_cocina" time="0.048" /><testcase classname="backend.tests.test_p1_p2_features.TestP1BusinessTypeFiltering" name="test_get_opportunities_filter_armarios" time="0.045" /><testcase classname="backend.tests.test_p1_p2_features.TestP1OpportunityBusinessType" name="test_create_opportunity_with_cocina_type" time="0.169" /><testcase classname="backend.tests.test_p1_p2_features.TestP1OpportunityBusinessType" name="test_create_opportunity_with_armarios_type" time="0.181" /><testcase classname="backend.tests.test_p1_p2_features.TestP1OpportunityBusinessType" name="test_default_business_type_is_cocina" time="0.177" /><testcase classname="backend.tests.test_p1_p2_features.TestP1CreateFromArmario" name="test_create_opportunity_from_armario" time="0.235" /><testcase classname="backend.tests.test_p1_p2_features.TestP2AdminMetricsTrends" name="test_get_trends_endpoint_exists" time="0.043" /><testcase classname="backend.tests.test_p1_p2_features.TestP2AdminMetricsTrends" name="test_trends_response_structure" time="0.040" /><testcase classname="backend.tests.test_p1_p2_features.TestP2AdminMetricsTrends" name="test_monthly_trends_data" time="0.039" /><testcase classname="backend.tests.test_p1_p2_features.TestP2AdminMetricsTrends" name="test_funnel_data" time="0.041" /><testcase classname="backend.tests.test_p1_p2_features.TestP2AdminMetricsTrends" name="test_business_type_distribution" time="0.043" /><testcase classname="backend.tests.test_p1_p2_features.TestP2AdminMetricsBase" name="test_get_metrics_endpoint" time="0.045" /><testcase classname="backend.tests.test_p1_p2_features.TestP2AdminMetricsBase" name="test_metrics_response_structure" time="0.041" /><testcase classname="backend.tests.test_p1_p2_features.TestP2AdminMetricsBase" name="test_global_metrics_fields" time="0.050" /><testcase classname="backend.tests.test_p1_p2_features.TestIntegrationP1P2" name="test_create_opportunities_and_verify_trends" time="0.257" /></testsuite></testsuites>