<?xml version="1.0" encoding="utf-8"?><testsuites name="pytest tests"><testsuite name="pytest" errors="0" failures="0" skipped="0" tests="11" time="0.809" timestamp="2026-01-24T03:53:45.719215+00:00" hostname="agent-env-9f78f594-a113-4e87-b5a6-5072dbf18837"><testcase classname="tests.test_digitalizador_api.TestDigitalizadorExportCSV" name="test_export_csv_basic" time="0.073" /><testcase classname="tests.test_digitalizador_api.TestDigitalizadorExportCSV" name="test_export_csv_dimension_extraction" time="0.034" /><testcase classname="tests.test_digitalizador_api.TestDigitalizadorExportCSV" name="test_export_csv_decimal_dimensions" time="0.075" /><testcase classname="tests.test_digitalizador_api.TestDigitalizadorExportCSV" name="test_export_csv_quantity_multiplier" time="0.040" /><testcase classname="tests.test_digitalizador_api.TestDigitalizadorExportCSV" name="test_export_csv_multiple_lines" time="0.031" /><testcase classname="tests.test_digitalizador_api.TestDigitalizadorExportCSV" name="test_export_csv_no_dimensions" time="0.037" /><testcase classname="tests.test_digitalizador_api.TestDigitalizadorExportCSV" name="test_export_csv_format_structure" time="0.037" /><testcase classname="tests.test_digitalizador_api.TestDigitalizadorExportCSV" name="test_export_csv_empty_lines" time="0.037" /><testcase classname="tests.test_digitalizador_api.TestDigitalizadorAnalyze" name="test_analyze_endpoint_exists" time="0.042" /><testcase classname="tests.test_digitalizador_api.TestUserPermissions" name="test_admin_user_has_digitalizador_field" time="0.039" /><testcase classname="tests.test_digitalizador_api.TestUserPermissions" name="test_login_returns_user_permissions" time="0.259" /></testsuite></testsuites>