<?xml version="1.0" encoding="utf-8"?><testsuites name="pytest tests"><testsuite name="pytest" errors="0" failures="0" skipped="0" tests="25" time="3.690" timestamp="2026-01-24T02:14:38.666892+00:00" hostname="agent-env-f3864572-513b-41ea-9cd8-98f1a1259236"><testcase classname="backend.tests.test_luiggi_crud.TestAuth" name="test_login_success_mario" time="0.292" /><testcase classname="backend.tests.test_luiggi_crud.TestAuth" name="test_login_case_insensitive" time="0.258" /><testcase classname="backend.tests.test_luiggi_crud.TestAuth" name="test_login_invalid_credentials" time="0.036" /><testcase classname="backend.tests.test_luiggi_crud.TestAuth" name="test_init_endpoint" time="0.033" /><testcase classname="backend.tests.test_luiggi_crud.TestUsersCRUD" name="test_get_all_users" time="0.035" /><testcase classname="backend.tests.test_luiggi_crud.TestUsersCRUD" name="test_create_user_comercial" time="0.332" /><testcase classname="backend.tests.test_luiggi_crud.TestUsersCRUD" name="test_create_user_tienda" time="0.293" /><testcase classname="backend.tests.test_luiggi_crud.TestUsersCRUD" name="test_create_duplicate_username_fails" time="0.035" /><testcase classname="backend.tests.test_luiggi_crud.TestUsersCRUD" name="test_update_user" time="0.411" /><testcase classname="backend.tests.test_luiggi_crud.TestUsersCRUD" name="test_delete_user" time="0.325" /><testcase classname="backend.tests.test_luiggi_crud.TestUsersCRUD" name="test_cannot_delete_admin" time="0.037" /><testcase classname="backend.tests.test_luiggi_crud.TestProductsCRUD" name="test_get_all_products" time="0.154" /><testcase classname="backend.tests.test_luiggi_crud.TestProductsCRUD" name="test_get_products_by_module_montada" time="0.115" /><testcase classname="backend.tests.test_luiggi_crud.TestProductsCRUD" name="test_get_products_by_module_despiece" time="0.035" /><testcase classname="backend.tests.test_luiggi_crud.TestProductsCRUD" name="test_create_product_montada" time="0.107" /><testcase classname="backend.tests.test_luiggi_crud.TestProductsCRUD" name="test_create_product_despiece" time="0.109" /><testcase classname="backend.tests.test_luiggi_crud.TestProductsCRUD" name="test_create_products_bulk" time="0.096" /><testcase classname="backend.tests.test_luiggi_crud.TestProductsCRUD" name="test_update_product" time="0.186" /><testcase classname="backend.tests.test_luiggi_crud.TestProductsCRUD" name="test_delete_product" time="0.100" /><testcase classname="backend.tests.test_luiggi_crud.TestProductsCRUD" name="test_delete_products_bulk" time="0.229" /><testcase classname="backend.tests.test_luiggi_crud.TestMaterialsCRUD" name="test_get_all_materials" time="0.036" /><testcase classname="backend.tests.test_luiggi_crud.TestMaterialsCRUD" name="test_create_material" time="0.080" /><testcase classname="backend.tests.test_luiggi_crud.TestMaterialsCRUD" name="test_update_material" time="0.102" /><testcase classname="backend.tests.test_luiggi_crud.TestSettings" name="test_get_settings" time="0.037" /><testcase classname="backend.tests.test_luiggi_crud.TestSettings" name="test_update_settings" time="0.107" /></testsuite></testsuites>