<?xml version="1.0" encoding="utf-8"?><testsuites name="pytest tests"><testsuite name="pytest" errors="0" failures="1" skipped="0" tests="20" time="4.092" timestamp="2026-01-25T10:16:07.910790+00:00" hostname="agent-env-10f00672-a72f-4924-b847-52ad58c48fac"><testcase classname="backend.tests.test_crm_isolation_roles.TestAuthentication" name="test_admin_login" time="0.287" /><testcase classname="backend.tests.test_crm_isolation_roles.TestAuthentication" name="test_comercial_login" time="0.262" /><testcase classname="backend.tests.test_crm_isolation_roles.TestAuthentication" name="test_tienda_login" time="0.259" /><testcase classname="backend.tests.test_crm_isolation_roles.TestCRMDataIsolation" name="test_admin_sees_all_contacts" time="0.342" /><testcase classname="backend.tests.test_crm_isolation_roles.TestCRMDataIsolation" name="test_comercial_sees_only_assigned_contacts" time="0.302" /><testcase classname="backend.tests.test_crm_isolation_roles.TestCRMDataIsolation" name="test_admin_sees_all_opportunities" time="0.304" /><testcase classname="backend.tests.test_crm_isolation_roles.TestCRMDataIsolation" name="test_comercial_sees_only_assigned_opportunities" time="0.305" /><testcase classname="backend.tests.test_crm_isolation_roles.TestCRMDataIsolation" name="test_admin_dashboard_shows_all_data" time="0.308" /><testcase classname="backend.tests.test_crm_isolation_roles.TestCRMDataIsolation" name="test_comercial_dashboard_shows_filtered_data" time="0.306" /><testcase classname="backend.tests.test_crm_isolation_roles.TestUserRoles" name="test_get_all_users" time="0.042" /><testcase classname="backend.tests.test_crm_isolation_roles.TestUserRoles" name="test_isTienda_role_exists" time="0.040" /><testcase classname="backend.tests.test_crm_isolation_roles.TestUserRoles" name="test_canAccessArmarios_permission_exists" time="0.039" /><testcase classname="backend.tests.test_crm_isolation_roles.TestCreateTestUsers" name="test_ensure_comercial_user_exists" time="0.283" /><testcase classname="backend.tests.test_crm_isolation_roles.TestCreateTestUsers" name="test_ensure_tienda_user_exists" time="0.281" /><testcase classname="backend.tests.test_crm_isolation_roles.TestCRMContactAssignment" name="test_create_contact_assigned_to_comercial" time="0.394"><failure message="AssertionError: Created contact should appear in comercial's filtered list&#10;assert 'contact-2490dbdd' in []&#10; +  where 'contact-2490dbdd' = &lt;built-in method get of dict object at 0xfe5815eddb40&gt;('id')&#10; +    where &lt;built-in method get of dict object at 0xfe5815eddb40&gt; = {'address': '', 'company': 'Test Company', 'convertedToClientId': None, 'createdAt': '2026-01-25T10:16:11.683856+00:00', ...}.get">backend/tests/test_crm_isolation_roles.py:365: in test_create_contact_assigned_to_comercial
    assert contact.get("id") in contact_ids, "Created contact should appear in comercial's filtered list"
E   AssertionError: Created contact should appear in comercial's filtered list
E   assert 'contact-2490dbdd' in []
E    +  where 'contact-2490dbdd' = &lt;built-in method get of dict object at 0xfe5815eddb40&gt;('id')
E    +    where &lt;built-in method get of dict object at 0xfe5815eddb40&gt; = {'address': '', 'company': 'Test Company', 'convertedToClientId': None, 'createdAt': '2026-01-25T10:16:11.683856+00:00', ...}.get</failure></testcase><testcase classname="backend.tests.test_crm_isolation_roles.TestAPIFiltering" name="test_contacts_api_accepts_assignedTo_param" time="0.041" /><testcase classname="backend.tests.test_crm_isolation_roles.TestAPIFiltering" name="test_contacts_api_accepts_isAdmin_param" time="0.048" /><testcase classname="backend.tests.test_crm_isolation_roles.TestAPIFiltering" name="test_opportunities_api_accepts_assignedTo_param" time="0.037" /><testcase classname="backend.tests.test_crm_isolation_roles.TestAPIFiltering" name="test_opportunities_api_accepts_isAdmin_param" time="0.041" /><testcase classname="backend.tests.test_crm_isolation_roles.TestAPIFiltering" name="test_dashboard_api_accepts_filtering_params" time="0.041" /></testsuite></testsuites>