<?xml version="1.0" encoding="utf-8"?><testsuites name="pytest tests"><testsuite name="pytest" errors="0" failures="0" skipped="0" tests="15" time="5.942" timestamp="2026-02-07T20:59:34.462621+00:00" hostname="agent-env-bb44e772-8ffd-49a7-91ea-7b88ee723514"><testcase classname="backend.tests.test_p0_products_fix.TestProductsP0Fix" name="test_total_products_count" time="0.491" /><testcase classname="backend.tests.test_p0_products_fix.TestProductsP0Fix" name="test_costados_category_exists" time="0.481" /><testcase classname="backend.tests.test_p0_products_fix.TestProductsP0Fix" name="test_regletas_category_exists" time="0.418" /><testcase classname="backend.tests.test_p0_products_fix.TestProductsP0Fix" name="test_zocalos_category_exists" time="0.468" /><testcase classname="backend.tests.test_p0_products_fix.TestProductsP0Fix" name="test_cornisas_category_exists" time="0.457" /><testcase classname="backend.tests.test_p0_products_fix.TestProductsP0Fix" name="test_estantes_category_exists" time="0.412" /><testcase classname="backend.tests.test_p0_products_fix.TestProductsP0Fix" name="test_vitrinas_category_exists" time="0.474" /><testcase classname="backend.tests.test_p0_products_fix.TestProductsP0Fix" name="test_all_new_categories_have_module_montada" time="0.412" /><testcase classname="backend.tests.test_p0_products_fix.TestProductsP0Fix" name="test_search_costado_returns_products" time="0.474" /><testcase classname="backend.tests.test_p0_products_fix.TestClientDeletion" name="test_create_and_delete_client" time="0.296" /><testcase classname="backend.tests.test_p0_products_fix.TestClientDeletion" name="test_get_all_clients" time="0.267" /><testcase classname="backend.tests.test_p0_products_fix.TestAuthentication" name="test_login_with_mario_credentials" time="0.266" /><testcase classname="backend.tests.test_p0_products_fix.TestAuthentication" name="test_login_with_invalid_credentials" time="0.034" /><testcase classname="backend.tests.test_p0_products_fix.TestProductsAPI" name="test_get_products_montada" time="0.457" /><testcase classname="backend.tests.test_p0_products_fix.TestProductsAPI" name="test_all_categories_present" time="0.415" /></testsuite></testsuites>