<?xml version="1.0" encoding="utf-8"?><testsuites name="pytest tests"><testsuite name="pytest" errors="0" failures="1" skipped="0" tests="11" time="80.301" timestamp="2026-01-25T09:44:24.652455+00:00" hostname="agent-env-10f00672-a72f-4924-b847-52ad58c48fac"><testcase classname="tests.test_armarios_ia.TestArmariosIAConfiguration" name="test_ia_configure_basic" time="7.063"><failure message="AssertionError: assert False == True&#10; +  where False = &lt;built-in method get of dict object at 0xfcbcff175ac0&gt;('success')&#10; +    where &lt;built-in method get of dict object at 0xfcbcff175ac0&gt; = {'error': 'La IA no generó respuesta', 'success': False}.get">tests/test_armarios_ia.py:35: in test_ia_configure_basic
    assert data.get("success") == True
E   AssertionError: assert False == True
E    +  where False = &lt;built-in method get of dict object at 0xfcbcff175ac0&gt;('success')
E    +    where &lt;built-in method get of dict object at 0xfcbcff175ac0&gt; = {'error': 'La IA no generó respuesta', 'success': False}.get</failure></testcase><testcase classname="tests.test_armarios_ia.TestArmariosIAConfiguration" name="test_ia_configure_detailed_instruction" time="4.771" /><testcase classname="tests.test_armarios_ia.TestArmariosIAConfiguration" name="test_ia_configure_empty_instruction" time="3.561" /><testcase classname="tests.test_armarios_ia.TestArmariosIARender" name="test_ia_render_basic" time="17.803" /><testcase classname="tests.test_armarios_ia.TestArmariosIARender" name="test_ia_render_different_styles" time="46.286" /><testcase classname="tests.test_armarios_ia.TestArmariosProjects" name="test_create_project" time="0.097" /><testcase classname="tests.test_armarios_ia.TestArmariosProjects" name="test_get_all_projects" time="0.043" /><testcase classname="tests.test_armarios_ia.TestArmariosProjects" name="test_get_project_by_id" time="0.116" /><testcase classname="tests.test_armarios_ia.TestArmariosProjects" name="test_update_project" time="0.123" /><testcase classname="tests.test_armarios_ia.TestArmariosProjects" name="test_delete_project" time="0.117" /><testcase classname="tests.test_armarios_ia.TestArmariosAuth" name="test_login_and_access_armarios" time="0.257" /></testsuite></testsuites>