<?xml version="1.0" encoding="utf-8"?><testsuites name="pytest tests"><testsuite name="pytest" errors="0" failures="0" skipped="0" tests="9" time="1.367" timestamp="2026-01-25T10:48:19.761382+00:00" hostname="agent-env-10f00672-a72f-4924-b847-52ad58c48fac"><testcase classname="backend.tests.test_new_roles_features.TestUserModelNewFields" name="test_get_users_returns_new_fields" time="0.073" /><testcase classname="backend.tests.test_new_roles_features.TestUserModelNewFields" name="test_create_responsable_delegacion_user" time="0.307" /><testcase classname="backend.tests.test_new_roles_features.TestUserModelNewFields" name="test_create_tienda_linked_to_comercial" time="0.343" /><testcase classname="backend.tests.test_new_roles_features.TestUserModelNewFields" name="test_update_user_responsable_delegacion" time="0.343" /><testcase classname="backend.tests.test_new_roles_features.TestDirectorComercialRole" name="test_mario_is_director_comercial" time="0.040" /><testcase classname="backend.tests.test_new_roles_features.TestTiendaRole" name="test_tienda_user_exists" time="0.040" /><testcase classname="backend.tests.test_new_roles_features.TestTiendaRole" name="test_tienda_linked_to_comercial_not_client" time="0.040" /><testcase classname="backend.tests.test_new_roles_features.TestAPIEndpoints" name="test_health_check" time="0.090" /><testcase classname="backend.tests.test_new_roles_features.TestAPIEndpoints" name="test_users_endpoint" time="0.041" /></testsuite></testsuites>