<?xml version="1.0" encoding="utf-8"?><testsuites name="pytest tests"><testsuite name="pytest" errors="0" failures="0" skipped="0" tests="23" time="3.810" timestamp="2026-03-26T21:50:24.165796+00:00" hostname="agent-env-066a9fc5-0c3e-4df0-96a8-93d7ca58076c"><testcase classname="backend.tests.test_iteration36_features.TestLoginAuthentication" name="test_login_success_with_valid_credentials" time="0.477" /><testcase classname="backend.tests.test_iteration36_features.TestLoginAuthentication" name="test_login_failure_with_invalid_password" time="0.328" /><testcase classname="backend.tests.test_iteration36_features.TestLoginAuthentication" name="test_login_failure_with_nonexistent_user" time="0.151" /><testcase classname="backend.tests.test_iteration36_features.TestLoginAuthentication" name="test_login_failure_with_empty_credentials" time="0.168" /><testcase classname="backend.tests.test_iteration36_features.TestPasswordVerification" name="test_bcrypt_password_hash_format" time="0.444" /><testcase classname="backend.tests.test_iteration36_features.TestPasswordVerification" name="test_sha256_password_hash_format" time="0.000" /><testcase classname="backend.tests.test_iteration36_features.TestPasswordVerification" name="test_password_verification_logic" time="0.444" /><testcase classname="backend.tests.test_iteration36_features.TestDespieceCalculation" name="test_despiece_endpoint_exists" time="0.119" /><testcase classname="backend.tests.test_iteration36_features.TestDespieceCalculation" name="test_mv_library_despiece_calculation" time="0.145" /><testcase classname="backend.tests.test_iteration36_features.TestDespieceCalculation" name="test_zc_library_despiece_calculation" time="0.120" /><testcase classname="backend.tests.test_iteration36_features.TestDespieceCalculation" name="test_despiece_bajo_fregadero" time="0.106" /><testcase classname="backend.tests.test_iteration36_features.TestDespieceCalculation" name="test_despiece_columna_with_shelves" time="0.113" /><testcase classname="backend.tests.test_iteration36_features.TestFactoryPDFReport" name="test_production_report_endpoint_exists" time="0.112" /><testcase classname="backend.tests.test_iteration36_features.TestFactoryPDFReport" name="test_production_report_from_budget_endpoint" time="0.114" /><testcase classname="backend.tests.test_iteration36_features.TestFactoryPDFReport" name="test_global_settings_has_logo" time="0.180" /><testcase classname="backend.tests.test_iteration36_features.TestMeasurementToggle" name="test_format_measure_cm_mode" time="0.000" /><testcase classname="backend.tests.test_iteration36_features.TestMeasurementToggle" name="test_parse_measure_input_cm_mode" time="0.000" /><testcase classname="backend.tests.test_iteration36_features.TestAPIEndpoints" name="test_health_check" time="0.106" /><testcase classname="backend.tests.test_iteration36_features.TestAPIEndpoints" name="test_users_endpoint_exists" time="0.106" /><testcase classname="backend.tests.test_iteration36_features.TestAPIEndpoints" name="test_clients_endpoint_exists" time="0.111" /><testcase classname="backend.tests.test_iteration36_features.TestAPIEndpoints" name="test_projects_endpoint_exists" time="0.153" /><testcase classname="backend.tests.test_iteration36_features.TestLibraryProducts" name="test_get_products_montada" time="0.110" /><testcase classname="backend.tests.test_iteration36_features.TestLibraryProducts" name="test_mv_product_structure" time="0.113" /></testsuite></testsuites>