<?xml version="1.0" encoding="utf-8"?><testsuites name="pytest tests"><testsuite name="pytest" errors="0" failures="0" skipped="0" tests="9" time="1.544" timestamp="2026-02-01T20:22:06.287132+00:00" hostname="agent-env-63ff9721-a1c1-437e-be40-0a76f41f9ade"><testcase classname="tests.test_client_deletion_order_confirm.TestClientCRUD" name="test_get_all_clients" time="0.077" /><testcase classname="tests.test_client_deletion_order_confirm.TestClientCRUD" name="test_create_client" time="0.043" /><testcase classname="tests.test_client_deletion_order_confirm.TestClientCRUD" name="test_create_and_delete_client" time="0.154" /><testcase classname="tests.test_client_deletion_order_confirm.TestClientCRUD" name="test_delete_nonexistent_client" time="0.045" /><testcase classname="tests.test_client_deletion_order_confirm.TestClientCRUD" name="test_update_client" time="0.233" /><testcase classname="tests.test_client_deletion_order_confirm.TestClientCRUD" name="test_get_client_segments" time="0.034" /><testcase classname="tests.test_client_deletion_order_confirm.TestOrderConfirmation" name="test_order_confirm_endpoint_exists" time="0.402" /><testcase classname="tests.test_client_deletion_order_confirm.TestOrderConfirmation" name="test_order_confirm_with_items" time="0.239" /><testcase classname="tests.test_client_deletion_order_confirm.TestClientDeletionFromUI" name="test_ui_delete_flow" time="0.210" /></testsuite></testsuites>