<?xml version="1.0" encoding="utf-8"?><testsuites name="pytest tests"><testsuite name="pytest" errors="0" failures="0" skipped="0" tests="9" time="1.059" timestamp="2026-01-23T21:52:42.794997+00:00" hostname="agent-env-3fa1bd1d-c236-460d-a995-ad0d354369ed"><testcase classname="backend.tests.test_api.TestHealthAndStatus" name="test_root_endpoint" time="0.073" /><testcase classname="backend.tests.test_api.TestHealthAndStatus" name="test_status_post" time="0.066" /><testcase classname="backend.tests.test_api.TestHealthAndStatus" name="test_status_get" time="0.043" /><testcase classname="backend.tests.test_api.TestAnalyzeProductSheets" name="test_analyze_endpoint_exists" time="0.319" /><testcase classname="backend.tests.test_api.TestAnalyzeProductSheets" name="test_analyze_montada_module" time="0.087" /><testcase classname="backend.tests.test_api.TestAnalyzeProductSheets" name="test_analyze_despiece_module" time="0.210" /><testcase classname="backend.tests.test_api.TestAnalyzeProductSheets" name="test_analyze_multiple_files" time="0.076" /><testcase classname="backend.tests.test_api.TestErrorHandling" name="test_invalid_endpoint" time="0.039" /><testcase classname="backend.tests.test_api.TestErrorHandling" name="test_analyze_missing_module" time="0.039" /></testsuite></testsuites>