<?xml version="1.0" encoding="utf-8"?><testsuites name="pytest tests"><testsuite name="pytest" errors="0" failures="0" skipped="0" tests="14" time="1.884" timestamp="2026-03-22T09:32:52.503887+00:00" hostname="agent-env-acf9d77f-7adc-4f8d-8548-336fde0ecd34"><testcase classname="backend.tests.test_dashboard_metrics.TestDashboardMetrics" name="test_dashboard_metrics_default_period" time="0.191" /><testcase classname="backend.tests.test_dashboard_metrics.TestDashboardMetrics" name="test_dashboard_metrics_week_period" time="0.147" /><testcase classname="backend.tests.test_dashboard_metrics.TestDashboardMetrics" name="test_dashboard_metrics_month_period" time="0.110" /><testcase classname="backend.tests.test_dashboard_metrics.TestDashboardMetrics" name="test_dashboard_metrics_quarter_period" time="0.116" /><testcase classname="backend.tests.test_dashboard_metrics.TestDashboardMetrics" name="test_dashboard_metrics_year_period" time="0.114" /><testcase classname="backend.tests.test_dashboard_metrics.TestDashboardMetrics" name="test_dashboard_metrics_all_period" time="0.121" /><testcase classname="backend.tests.test_dashboard_metrics.TestDashboardMetrics" name="test_dashboard_kpis_structure" time="0.150" /><testcase classname="backend.tests.test_dashboard_metrics.TestDashboardMetrics" name="test_dashboard_production_structure" time="0.144" /><testcase classname="backend.tests.test_dashboard_metrics.TestDashboardMetrics" name="test_dashboard_sales_structure" time="0.106" /><testcase classname="backend.tests.test_dashboard_metrics.TestDashboardMetrics" name="test_dashboard_clients_structure" time="0.122" /><testcase classname="backend.tests.test_dashboard_metrics.TestDashboardMetrics" name="test_dashboard_products_structure" time="0.107" /><testcase classname="backend.tests.test_dashboard_metrics.TestDashboardMetrics" name="test_dashboard_monthly_trend_structure" time="0.108" /><testcase classname="backend.tests.test_dashboard_metrics.TestDashboardMetrics" name="test_dashboard_budgets_structure" time="0.111" /><testcase classname="backend.tests.test_dashboard_metrics.TestProductionSummary" name="test_production_summary" time="0.157" /></testsuite></testsuites>