<?xml version="1.0" encoding="utf-8"?><testsuites name="pytest tests"><testsuite name="pytest" errors="0" failures="1" skipped="0" tests="21" time="6.783" timestamp="2026-03-07T13:47:03.958733+00:00" hostname="agent-env-beeaf118-cc1c-4aea-a6f2-4c9404b3b36f"><testcase classname="backend.tests.test_auth_permissions.TestTraditionalLogin" name="test_login_success_mario" time="0.414" /><testcase classname="backend.tests.test_auth_permissions.TestTraditionalLogin" name="test_login_invalid_credentials" time="0.110" /><testcase classname="backend.tests.test_auth_permissions.TestArmarioPermission" name="test_mario_does_not_have_armarios_permission" time="0.330" /><testcase classname="backend.tests.test_auth_permissions.TestArmarioPermission" name="test_get_users_shows_armarios_permission" time="0.109" /><testcase classname="backend.tests.test_auth_permissions.TestEmailRegistration" name="test_register_new_user" time="0.373" /><testcase classname="backend.tests.test_auth_permissions.TestEmailRegistration" name="test_register_duplicate_email_fails" time="1.219" /><testcase classname="backend.tests.test_auth_permissions.TestEmailRegistration" name="test_register_password_mismatch_fails" time="0.130" /><testcase classname="backend.tests.test_auth_permissions.TestEmailRegistration" name="test_register_weak_password_fails" time="0.099" /><testcase classname="backend.tests.test_auth_permissions.TestEmailVerification" name="test_verify_email_wrong_code_fails" time="0.614" /><testcase classname="backend.tests.test_auth_permissions.TestEmailVerification" name="test_verify_nonexistent_user_fails" time="0.116" /><testcase classname="backend.tests.test_auth_permissions.TestLoginWithEmail" name="test_login_email_unverified_fails" time="0.795" /><testcase classname="backend.tests.test_auth_permissions.TestLoginWithEmail" name="test_login_email_wrong_password_fails" time="0.327" /><testcase classname="backend.tests.test_auth_permissions.Test2FAEndpoints" name="test_2fa_enable_requires_auth" time="0.101" /><testcase classname="backend.tests.test_auth_permissions.Test2FAEndpoints" name="test_2fa_verify_requires_auth" time="0.109" /><testcase classname="backend.tests.test_auth_permissions.Test2FAEndpoints" name="test_2fa_status_requires_auth" time="0.113" /><testcase classname="backend.tests.test_auth_permissions.Test2FAWithAuth" name="test_2fa_enable_with_auth" time="0.473" /><testcase classname="backend.tests.test_auth_permissions.Test2FAWithAuth" name="test_2fa_status_with_auth" time="0.444" /><testcase classname="backend.tests.test_auth_permissions.TestTokenRefresh" name="test_refresh_token_works" time="0.435" /><testcase classname="backend.tests.test_auth_permissions.TestTokenRefresh" name="test_refresh_invalid_token_fails" time="0.104" /><testcase classname="backend.tests.test_auth_permissions.TestAuthMe" name="test_auth_me_with_valid_token" time="0.114"><failure message="assert 429 == 200&#10; +  where 429 = &lt;Response [429]&gt;.status_code">backend/tests/test_auth_permissions.py:371: in test_auth_me_with_valid_token
    assert login_response.status_code == 200
E   assert 429 == 200
E    +  where 429 = &lt;Response [429]&gt;.status_code</failure></testcase><testcase classname="backend.tests.test_auth_permissions.TestAuthMe" name="test_auth_me_without_token_fails" time="0.102" /></testsuite></testsuites>