<?xml version="1.0" encoding="utf-8"?><testsuites name="pytest tests"><testsuite name="pytest" errors="0" failures="0" skipped="0" tests="17" time="4.165" timestamp="2026-03-18T22:08:32.784940+00:00" hostname="agent-env-510e6269-e93b-4ea7-b0f1-690a318dcfc7"><testcase classname="tests.test_fabrica_despiece_puertas.TestDespiecePuertas" name="test_despiece_2p_mueble_includes_2_puertas" time="0.255" /><testcase classname="tests.test_fabrica_despiece_puertas.TestDespiecePuertas" name="test_despiece_1p_mueble_includes_1_puerta" time="0.131" /><testcase classname="tests.test_fabrica_despiece_puertas.TestDespiecePuertas" name="test_despiece_di_mueble_includes_puerta" time="0.147" /><testcase classname="tests.test_fabrica_despiece_puertas.TestDespiecePuertas" name="test_despiece_includes_standard_components" time="0.174" /><testcase classname="tests.test_fabrica_despiece_puertas.TestPortalFabricaCRUD" name="test_create_manufacturing_order" time="0.174" /><testcase classname="tests.test_fabrica_despiece_puertas.TestPortalFabricaCRUD" name="test_list_manufacturing_orders" time="0.184" /><testcase classname="tests.test_fabrica_despiece_puertas.TestPortalFabricaCRUD" name="test_list_orders_with_status_filter" time="0.221" /><testcase classname="tests.test_fabrica_despiece_puertas.TestPortalFabricaCRUD" name="test_get_single_order" time="0.248" /><testcase classname="tests.test_fabrica_despiece_puertas.TestPortalFabricaCRUD" name="test_update_manufacturing_order" time="0.238" /><testcase classname="tests.test_fabrica_despiece_puertas.TestPortalFabricaCRUD" name="test_delete_manufacturing_order" time="0.235" /><testcase classname="tests.test_fabrica_despiece_puertas.TestPortalFabricaStatus" name="test_change_order_status_to_confirmed" time="0.337" /><testcase classname="tests.test_fabrica_despiece_puertas.TestPortalFabricaStatus" name="test_change_order_status_to_in_production" time="0.307" /><testcase classname="tests.test_fabrica_despiece_puertas.TestPortalFabricaStatus" name="test_change_order_status_to_delivered" time="0.565" /><testcase classname="tests.test_fabrica_despiece_puertas.TestPortalFabricaStatus" name="test_invalid_status_returns_error" time="0.293" /><testcase classname="tests.test_fabrica_despiece_puertas.TestPortalFabricaDeliveryDate" name="test_set_estimated_delivery_date" time="0.307" /><testcase classname="tests.test_fabrica_despiece_puertas.TestPortalFabricaDashboard" name="test_get_dashboard_stats" time="0.116" /><testcase classname="tests.test_fabrica_despiece_puertas.TestPortalFabricaPDFImport" name="test_import_pdf_returns_mocked_response" time="0.128" /></testsuite></testsuites>