<?xml version="1.0" encoding="utf-8"?><testsuites name="pytest tests"><testsuite name="pytest" errors="0" failures="0" skipped="0" tests="15" time="3.348" timestamp="2026-03-25T09:36:15.262471+00:00" hostname="agent-env-066a9fc5-0c3e-4df0-96a8-93d7ca58076c"><testcase classname="tests.test_new_features_iteration35.TestProductionReportEndpoints" name="test_production_report_endpoint_exists" time="0.219" /><testcase classname="tests.test_new_features_iteration35.TestProductionReportEndpoints" name="test_production_report_returns_pdf" time="0.141" /><testcase classname="tests.test_new_features_iteration35.TestProductionReportEndpoints" name="test_production_report_invalid_order" time="0.111" /><testcase classname="tests.test_new_features_iteration35.TestProductionReportEndpoints" name="test_production_report_from_budget_endpoint_exists" time="0.251" /><testcase classname="tests.test_new_features_iteration35.TestProductionReportEndpoints" name="test_production_report_from_budget_invalid" time="0.112" /><testcase classname="tests.test_new_features_iteration35.TestSendOrderCopyEndpoint" name="test_send_copy_endpoint_exists" time="0.502" /><testcase classname="tests.test_new_features_iteration35.TestSendOrderCopyEndpoint" name="test_send_copy_invalid_order" time="0.101" /><testcase classname="tests.test_new_features_iteration35.TestSendOrderCopyEndpoint" name="test_send_copy_request_validation" time="0.099" /><testcase classname="tests.test_new_features_iteration35.TestSendOrderCopyEndpoint" name="test_send_copy_with_attachments_flag" time="0.475" /><testcase classname="tests.test_new_features_iteration35.TestOrdersEndpoint" name="test_orders_list_returns_attachments_field" time="0.104" /><testcase classname="tests.test_new_features_iteration35.TestOrdersEndpoint" name="test_order_detail_has_attachments" time="0.103" /><testcase classname="tests.test_new_features_iteration35.TestFabricaOrdersEndpoint" name="test_fabrica_orders_list" time="0.111" /><testcase classname="tests.test_new_features_iteration35.TestFabricaOrdersEndpoint" name="test_fabrica_order_detail" time="0.115" /><testcase classname="tests.test_new_features_iteration35.TestAPIIntegration" name="test_full_flow_production_report" time="0.238" /><testcase classname="tests.test_new_features_iteration35.TestAPIIntegration" name="test_full_flow_send_copy" time="0.603" /></testsuite></testsuites>