<?xml version="1.0" encoding="utf-8"?><testsuites name="pytest tests"><testsuite name="pytest" errors="1" failures="1" skipped="0" tests="16" time="1.594" timestamp="2026-01-25T19:27:52.400207+00:00" hostname="agent-env-fe476722-c215-4fec-a4e6-3c5f439cd7a4"><testcase classname="backend.tests.test_p1_p2_features.TestP1BusinessTypeFiltering" name="test_get_opportunities_without_filter" time="0.078" /><testcase classname="backend.tests.test_p1_p2_features.TestP1BusinessTypeFiltering" name="test_get_opportunities_filter_cocina" time="0.043" /><testcase classname="backend.tests.test_p1_p2_features.TestP1BusinessTypeFiltering" name="test_get_opportunities_filter_armarios" time="0.042" /><testcase classname="backend.tests.test_p1_p2_features.TestP1OpportunityBusinessType" name="test_create_opportunity_with_cocina_type" time="0.189" /><testcase classname="backend.tests.test_p1_p2_features.TestP1OpportunityBusinessType" name="test_create_opportunity_with_armarios_type" time="0.160" /><testcase classname="backend.tests.test_p1_p2_features.TestP1OpportunityBusinessType" name="test_default_business_type_is_cocina" time="0.164" /><testcase classname="backend.tests.test_p1_p2_features.TestP1CreateFromArmario" name="test_create_opportunity_from_armario" time="0.043"><failure message="KeyError: 'id'">backend/tests/test_p1_p2_features.py:156: in test_create_opportunity_from_armario
    project_id = test_armario_project["id"]
                 ^^^^^^^^^^^^^^^^^^^^^^^^^^
E   KeyError: 'id'</failure></testcase><testcase classname="backend.tests.test_p1_p2_features.TestP1CreateFromArmario" name="test_create_opportunity_from_armario" time="0.000"><error message="failed on teardown with &quot;KeyError: 'id'&quot;">backend/tests/test_p1_p2_features.py:145: in test_armario_project
    requests.delete(f"{BASE_URL}/api/armarios/projects/{project['id']}")
                                                        ^^^^^^^^^^^^^
E   KeyError: 'id'</error></testcase><testcase classname="backend.tests.test_p1_p2_features.TestP2AdminMetricsTrends" name="test_get_trends_endpoint_exists" time="0.041" /><testcase classname="backend.tests.test_p1_p2_features.TestP2AdminMetricsTrends" name="test_trends_response_structure" time="0.048" /><testcase classname="backend.tests.test_p1_p2_features.TestP2AdminMetricsTrends" name="test_monthly_trends_data" time="0.038" /><testcase classname="backend.tests.test_p1_p2_features.TestP2AdminMetricsTrends" name="test_funnel_data" time="0.039" /><testcase classname="backend.tests.test_p1_p2_features.TestP2AdminMetricsTrends" name="test_business_type_distribution" time="0.039" /><testcase classname="backend.tests.test_p1_p2_features.TestP2AdminMetricsBase" name="test_get_metrics_endpoint" time="0.041" /><testcase classname="backend.tests.test_p1_p2_features.TestP2AdminMetricsBase" name="test_metrics_response_structure" time="0.044" /><testcase classname="backend.tests.test_p1_p2_features.TestP2AdminMetricsBase" name="test_global_metrics_fields" time="0.042" /><testcase classname="backend.tests.test_p1_p2_features.TestIntegrationP1P2" name="test_create_opportunities_and_verify_trends" time="0.320" /></testsuite></testsuites>