<?xml version="1.0" encoding="utf-8"?><testsuites name="pytest tests"><testsuite name="pytest" errors="0" failures="0" skipped="0" tests="15" time="2.897" timestamp="2026-03-08T19:29:09.889481+00:00" hostname="agent-env-9d30e203-6b82-46ec-b9d5-9c3ee3f419de"><testcase classname="backend.tests.test_despiece_budgeter.TestDespieceBudgeterProducts" name="test_get_products_list" time="0.224" /><testcase classname="backend.tests.test_despiece_budgeter.TestDespieceBudgeterProducts" name="test_get_products_with_manufacturer_filter" time="0.130" /><testcase classname="backend.tests.test_despiece_budgeter.TestDespieceBudgeterProducts" name="test_get_products_with_collection_filter" time="0.102" /><testcase classname="backend.tests.test_despiece_budgeter.TestDespieceBudgeterProducts" name="test_get_products_with_finish_filter" time="0.139" /><testcase classname="backend.tests.test_despiece_budgeter.TestDespieceBudgeterProducts" name="test_get_products_with_thickness_filter" time="0.097" /><testcase classname="backend.tests.test_despiece_budgeter.TestDespieceBudgeterProducts" name="test_get_products_with_search" time="0.114" /><testcase classname="backend.tests.test_despiece_budgeter.TestDespieceBudgeterFilters" name="test_get_filter_options" time="0.107" /><testcase classname="backend.tests.test_despiece_budgeter.TestDespieceBudgeterBudgets" name="test_create_budget" time="0.138" /><testcase classname="backend.tests.test_despiece_budgeter.TestDespieceBudgeterBudgets" name="test_get_budgets_list" time="0.151" /><testcase classname="backend.tests.test_despiece_budgeter.TestDespieceBudgeterBudgets" name="test_get_budget_by_id" time="0.229" /><testcase classname="backend.tests.test_despiece_budgeter.TestDespieceBudgeterBudgets" name="test_update_budget" time="0.224" /><testcase classname="backend.tests.test_despiece_budgeter.TestDespieceBudgeterBudgets" name="test_delete_budget" time="0.343" /><testcase classname="backend.tests.test_despiece_budgeter.TestDespieceBudgeterStats" name="test_get_stats" time="0.120" /><testcase classname="backend.tests.test_despiece_budgeter.TestDespieceBudgeterSeed" name="test_seed_alvic_products" time="0.145" /><testcase classname="backend.tests.test_despiece_budgeter.TestDespieceBudgeterCalculations" name="test_area_calculation" time="0.547" /></testsuite></testsuites>