<?xml version="1.0" encoding="utf-8"?><testsuites name="pytest tests"><testsuite name="pytest" errors="0" failures="0" skipped="0" tests="13" time="1.700" timestamp="2026-01-24T17:14:26.055183+00:00" hostname="agent-env-ca80ab16-eff0-4afd-8f3b-b327cbe3e434"><testcase classname="backend.tests.test_clients_crm_features.TestClientsAPI" name="test_get_all_clients" time="0.062" /><testcase classname="backend.tests.test_clients_crm_features.TestClientsAPI" name="test_get_client_segments" time="0.032" /><testcase classname="backend.tests.test_clients_crm_features.TestClientsAPI" name="test_existing_clients_have_correct_structure" time="0.054" /><testcase classname="backend.tests.test_clients_crm_features.TestCRMContactToClientConversion" name="test_create_new_crm_contact" time="0.039" /><testcase classname="backend.tests.test_clients_crm_features.TestCRMContactToClientConversion" name="test_convert_contact_to_potential_client" time="0.109" /><testcase classname="backend.tests.test_clients_crm_features.TestCRMContactToClientConversion" name="test_cannot_convert_already_converted_contact" time="0.073" /><testcase classname="backend.tests.test_clients_crm_features.TestClientActivation" name="test_activate_potential_client" time="0.114" /><testcase classname="backend.tests.test_clients_crm_features.TestClientActivation" name="test_cannot_activate_without_code" time="0.072" /><testcase classname="backend.tests.test_clients_crm_features.TestClientActivation" name="test_cannot_activate_already_active_client" time="0.072" /><testcase classname="backend.tests.test_clients_crm_features.TestClientUserLinking" name="test_link_client_to_user" time="0.150" /><testcase classname="backend.tests.test_clients_crm_features.TestCommercialEndpoint" name="test_commercial_my_shops_work_endpoint" time="0.083" /><testcase classname="backend.tests.test_clients_crm_features.TestUserClientDiscount" name="test_user_creation_with_linked_client" time="0.367" /><testcase classname="backend.tests.test_clients_crm_features.TestCleanup" name="test_cleanup_test_data" time="0.418" /></testsuite></testsuites>