<?xml version="1.0" encoding="utf-8"?><testsuites name="pytest tests"><testsuite name="pytest" errors="0" failures="0" skipped="0" tests="11" time="1.061" timestamp="2026-01-24T11:11:01.181004+00:00" hostname="agent-env-562f7cd2-3035-4ba7-81e1-b944b17708b3"><testcase classname="backend.tests.test_digitalizador_crm_integration.TestCRMContactsAPI" name="test_get_contacts" time="0.066" /><testcase classname="backend.tests.test_digitalizador_crm_integration.TestCRMContactsAPI" name="test_create_contact_from_digitalizador" time="0.077" /><testcase classname="backend.tests.test_digitalizador_crm_integration.TestCRMContactsAPI" name="test_get_contact_by_id" time="0.113" /><testcase classname="backend.tests.test_digitalizador_crm_integration.TestCRMOpportunitiesAPI" name="test_get_opportunities" time="0.042" /><testcase classname="backend.tests.test_digitalizador_crm_integration.TestCRMOpportunitiesAPI" name="test_create_opportunity_from_digitalizador" time="0.139" /><testcase classname="backend.tests.test_digitalizador_crm_integration.TestCRMOpportunitiesAPI" name="test_get_opportunity_by_id" time="0.181" /><testcase classname="backend.tests.test_digitalizador_crm_integration.TestDigitalizadorCRMIntegration" name="test_existing_digitalizador_opportunity" time="0.035" /><testcase classname="backend.tests.test_digitalizador_crm_integration.TestDigitalizadorCRMIntegration" name="test_existing_digitalizador_contact" time="0.044" /><testcase classname="backend.tests.test_digitalizador_crm_integration.TestDigitalizadorCRMIntegration" name="test_full_digitalizador_to_crm_flow" time="0.179" /><testcase classname="backend.tests.test_digitalizador_crm_integration.TestCRMDashboard" name="test_dashboard_returns_stats" time="0.041" /><testcase classname="backend.tests.test_digitalizador_crm_integration.TestDigitalizadorHistory" name="test_get_history" time="0.035" /></testsuite></testsuites>