<?xml version="1.0" encoding="utf-8"?><testsuites name="pytest tests"><testsuite name="pytest" errors="0" failures="0" skipped="0" tests="8" time="3.476" timestamp="2026-03-22T09:18:43.403830+00:00" hostname="agent-env-acf9d77f-7adc-4f8d-8548-336fde0ecd34"><testcase classname="backend.tests.test_bulk_upsert.TestBulkUpsert" name="test_bulk_upsert_create_new_products" time="0.381" /><testcase classname="backend.tests.test_bulk_upsert.TestBulkUpsert" name="test_bulk_upsert_update_with_different_tariff" time="0.444" /><testcase classname="backend.tests.test_bulk_upsert.TestBulkUpsert" name="test_bulk_upsert_verify_zonepoints_merge" time="0.591" /><testcase classname="backend.tests.test_bulk_upsert.TestBulkUpsert" name="test_bulk_upsert_no_duplicates" time="0.499" /><testcase classname="backend.tests.test_bulk_upsert.TestBulkUpsert" name="test_bulk_upsert_zc_library" time="0.924" /><testcase classname="backend.tests.test_bulk_upsert.TestBulkUpsertErrorHandling" name="test_empty_products_list" time="0.092" /><testcase classname="backend.tests.test_bulk_upsert.TestBulkUpsertErrorHandling" name="test_product_without_code" time="0.104" /><testcase classname="backend.tests.test_bulk_upsert.TestApiJsBulkUpsert" name="test_api_endpoint_returns_valid_json" time="0.374" /></testsuite></testsuites>