<?xml version="1.0" encoding="utf-8"?><testsuites name="pytest tests"><testsuite name="pytest" errors="0" failures="0" skipped="0" tests="9" time="3.760" timestamp="2026-03-15T07:55:36.759412+00:00" hostname="agent-env-634d1702-c355-4ec9-977b-0711c1d8a674"><testcase classname="backend.tests.test_p0_p1_library_features.TestP0CatalogoModelosVisibility" name="test_user_mario_has_both_libraries" time="0.505" /><testcase classname="backend.tests.test_p0_p1_library_features.TestP0MVColumnaHeightVariants" name="test_mv_columna_products_exist" time="0.484" /><testcase classname="backend.tests.test_p0_p1_library_features.TestP0MVColumnaHeightVariants" name="test_mv_columna_height_200_variants" time="0.576" /><testcase classname="backend.tests.test_p0_p1_library_features.TestP0MVColumnaHeightVariants" name="test_mv_columna_height_220_variants" time="0.488" /><testcase classname="backend.tests.test_p0_p1_library_features.TestP1LibraryVigaCutIncrements" name="test_settings_has_library_viga_cut_field" time="0.104" /><testcase classname="backend.tests.test_p0_p1_library_features.TestP1LibraryVigaCutIncrements" name="test_update_library_viga_cut_increments" time="0.313" /><testcase classname="backend.tests.test_p0_p1_library_features.TestP1LibraryVigaCutIncrements" name="test_library_viga_cut_independent_values" time="0.251" /><testcase classname="backend.tests.test_p0_p1_library_features.TestMVProductsStructure" name="test_mv_products_have_tariff_prices" time="0.501" /><testcase classname="backend.tests.test_p0_p1_library_features.TestMVProductsStructure" name="test_mv_products_have_library_field" time="0.482" /></testsuite></testsuites>