<?xml version="1.0" encoding="utf-8"?><testsuites name="pytest tests"><testsuite name="pytest" errors="0" failures="3" skipped="0" tests="9" time="2.261" timestamp="2026-03-18T23:27:11.794826+00:00" hostname="agent-env-dcbe467c-d9d6-44c7-b07d-9e5d97cacb03"><testcase classname="backend.tests.test_fabrica_despiece_puertas.TestLogin" name="test_login_mario_success" time="0.503" /><testcase classname="backend.tests.test_fabrica_despiece_puertas.TestFactoriesAPI" name="test_get_factories_list" time="0.141" /><testcase classname="backend.tests.test_fabrica_despiece_puertas.TestFactoriesAPI" name="test_salamanca_factory_exists" time="0.301" /><testcase classname="backend.tests.test_fabrica_despiece_puertas.TestFactoriesAPI" name="test_zamora_factory_exists" time="0.153" /><testcase classname="backend.tests.test_fabrica_despiece_puertas.TestFactoriesAPI" name="test_create_new_factory" time="0.323" /><testcase classname="backend.tests.test_fabrica_despiece_puertas.TestDespieceAPI" name="test_despiece_calculation_basic" time="0.185"><failure message="AssertionError: Failed to calculate despiece: {&quot;detail&quot;:&quot;Not Found&quot;}&#10;assert 404 == 200&#10; +  where 404 = &lt;Response [404]&gt;.status_code">backend/tests/test_fabrica_despiece_puertas.py:118: in test_despiece_calculation_basic
    assert response.status_code == 200, f"Failed to calculate despiece: {response.text}"
E   AssertionError: Failed to calculate despiece: {"detail":"Not Found"}
E   assert 404 == 200
E    +  where 404 = &lt;Response [404]&gt;.status_code</failure></testcase><testcase classname="backend.tests.test_fabrica_despiece_puertas.TestDespieceAPI" name="test_despiece_door_tolerances" time="0.188"><failure message="AssertionError: Failed: {&quot;detail&quot;:&quot;Not Found&quot;}&#10;assert 404 == 200&#10; +  where 404 = &lt;Response [404]&gt;.status_code">backend/tests/test_fabrica_despiece_puertas.py:159: in test_despiece_door_tolerances
    assert response.status_code == 200, f"Failed: {response.text}"
E   AssertionError: Failed: {"detail":"Not Found"}
E   assert 404 == 200
E    +  where 404 = &lt;Response [404]&gt;.status_code</failure></testcase><testcase classname="backend.tests.test_fabrica_despiece_puertas.TestDespieceAPI" name="test_despiece_2_doors_cabinet" time="0.173"><failure message="AssertionError: Failed: {&quot;detail&quot;:&quot;Not Found&quot;}&#10;assert 404 == 200&#10; +  where 404 = &lt;Response [404]&gt;.status_code">backend/tests/test_fabrica_despiece_puertas.py:213: in test_despiece_2_doors_cabinet
    assert response.status_code == 200, f"Failed: {response.text}"
E   AssertionError: Failed: {"detail":"Not Found"}
E   assert 404 == 200
E    +  where 404 = &lt;Response [404]&gt;.status_code</failure></testcase><testcase classname="backend.tests.test_fabrica_despiece_puertas.TestManufacturingOrders" name="test_get_orders_list" time="0.179" /></testsuite></testsuites>