<?xml version="1.0" encoding="utf-8"?><testsuites name="pytest tests"><testsuite name="pytest" errors="0" failures="0" skipped="0" tests="25" time="2.323" timestamp="2026-01-23T22:39:52.989394+00:00" hostname="agent-env-3fa1bd1d-c236-460d-a995-ad0d354369ed"><testcase classname="backend.tests.test_luiggi_crud.TestAuth" name="test_login_success_mario" time="0.091" /><testcase classname="backend.tests.test_luiggi_crud.TestAuth" name="test_login_case_insensitive" time="0.035" /><testcase classname="backend.tests.test_luiggi_crud.TestAuth" name="test_login_invalid_credentials" time="0.038" /><testcase classname="backend.tests.test_luiggi_crud.TestAuth" name="test_init_endpoint" time="0.035" /><testcase classname="backend.tests.test_luiggi_crud.TestUsersCRUD" name="test_get_all_users" time="0.035" /><testcase classname="backend.tests.test_luiggi_crud.TestUsersCRUD" name="test_create_user_comercial" time="0.122" /><testcase classname="backend.tests.test_luiggi_crud.TestUsersCRUD" name="test_create_user_tienda" time="0.083" /><testcase classname="backend.tests.test_luiggi_crud.TestUsersCRUD" name="test_create_duplicate_username_fails" time="0.036" /><testcase classname="backend.tests.test_luiggi_crud.TestUsersCRUD" name="test_update_user" time="0.150" /><testcase classname="backend.tests.test_luiggi_crud.TestUsersCRUD" name="test_delete_user" time="0.115" /><testcase classname="backend.tests.test_luiggi_crud.TestUsersCRUD" name="test_cannot_delete_admin" time="0.034" /><testcase classname="backend.tests.test_luiggi_crud.TestProductsCRUD" name="test_get_all_products" time="0.035" /><testcase classname="backend.tests.test_luiggi_crud.TestProductsCRUD" name="test_get_products_by_module_montada" time="0.032" /><testcase classname="backend.tests.test_luiggi_crud.TestProductsCRUD" name="test_get_products_by_module_despiece" time="0.033" /><testcase classname="backend.tests.test_luiggi_crud.TestProductsCRUD" name="test_create_product_montada" time="0.114" /><testcase classname="backend.tests.test_luiggi_crud.TestProductsCRUD" name="test_create_product_despiece" time="0.074" /><testcase classname="backend.tests.test_luiggi_crud.TestProductsCRUD" name="test_create_products_bulk" time="0.146" /><testcase classname="backend.tests.test_luiggi_crud.TestProductsCRUD" name="test_update_product" time="0.138" /><testcase classname="backend.tests.test_luiggi_crud.TestProductsCRUD" name="test_delete_product" time="0.106" /><testcase classname="backend.tests.test_luiggi_crud.TestProductsCRUD" name="test_delete_products_bulk" time="0.298" /><testcase classname="backend.tests.test_luiggi_crud.TestMaterialsCRUD" name="test_get_all_materials" time="0.039" /><testcase classname="backend.tests.test_luiggi_crud.TestMaterialsCRUD" name="test_create_material" time="0.130" /><testcase classname="backend.tests.test_luiggi_crud.TestMaterialsCRUD" name="test_update_material" time="0.116" /><testcase classname="backend.tests.test_luiggi_crud.TestSettings" name="test_get_settings" time="0.036" /><testcase classname="backend.tests.test_luiggi_crud.TestSettings" name="test_update_settings" time="0.114" /></testsuite></testsuites>