<?xml version="1.0" encoding="utf-8"?><testsuites name="pytest tests"><testsuite name="pytest" errors="0" failures="0" skipped="0" tests="13" time="0.674" timestamp="2026-01-24T20:29:16.733898+00:00" hostname="agent-env-021ce3f0-0176-4a6d-8fa5-d1df7e44c5f1"><testcase classname="backend.tests.test_prescriptor_notes.TestPrescriptorNotesAPI" name="test_01_get_prescriptor_notes_empty" time="0.068" /><testcase classname="backend.tests.test_prescriptor_notes.TestPrescriptorNotesAPI" name="test_02_get_all_prescriptor_notes_admin" time="0.043" /><testcase classname="backend.tests.test_prescriptor_notes.TestPrescriptorNotesAPI" name="test_03_create_prescriptor_note" time="0.037" /><testcase classname="backend.tests.test_prescriptor_notes.TestPrescriptorNotesAPI" name="test_04_verify_note_created_via_get" time="0.038" /><testcase classname="backend.tests.test_prescriptor_notes.TestPrescriptorNotesAPI" name="test_05_update_prescriptor_note" time="0.037" /><testcase classname="backend.tests.test_prescriptor_notes.TestPrescriptorNotesAPI" name="test_06_verify_note_updated_via_get" time="0.037" /><testcase classname="backend.tests.test_prescriptor_notes.TestPrescriptorNotesAPI" name="test_07_delete_prescriptor_note" time="0.035" /><testcase classname="backend.tests.test_prescriptor_notes.TestPrescriptorNotesAPI" name="test_08_verify_note_deleted_via_get" time="0.037" /><testcase classname="backend.tests.test_prescriptor_notes.TestPrescriptorNotesAPI" name="test_09_delete_nonexistent_note" time="0.037" /><testcase classname="backend.tests.test_prescriptor_notes.TestPrescriptorNotesAPI" name="test_10_update_nonexistent_note" time="0.038" /><testcase classname="backend.tests.test_prescriptor_notes.TestPrescriptorNotesValidation" name="test_create_note_empty_title_and_content" time="0.083" /><testcase classname="backend.tests.test_prescriptor_notes.TestPrescriptorNotesValidation" name="test_get_notes_missing_params" time="0.039" /><testcase classname="backend.tests.test_prescriptor_notes.TestAdminPrescriptorNotesView" name="test_admin_sees_all_prescriptor_notes" time="0.035" /></testsuite></testsuites>