<?xml version="1.0" encoding="utf-8"?><testsuites name="pytest tests"><testsuite name="pytest" errors="0" failures="0" skipped="0" tests="12" time="2.289" timestamp="2026-01-25T11:21:50.724524+00:00" hostname="agent-env-10f00672-a72f-4924-b847-52ad58c48fac"><testcase classname="tests.test_admin_metrics.TestAdminMetricsAPI" name="test_admin_metrics_endpoint_returns_200" time="1.661" /><testcase classname="tests.test_admin_metrics.TestAdminMetricsAPI" name="test_admin_metrics_has_global_section" time="0.042" /><testcase classname="tests.test_admin_metrics.TestAdminMetricsAPI" name="test_admin_metrics_has_by_user_array" time="0.040" /><testcase classname="tests.test_admin_metrics.TestAdminMetricsAPI" name="test_admin_metrics_has_top_performers" time="0.041" /><testcase classname="tests.test_admin_metrics.TestAdminMetricsAPI" name="test_admin_metrics_has_role_breakdown" time="0.044" /><testcase classname="tests.test_admin_metrics.TestAdminMetricsAPI" name="test_admin_metrics_values_are_numeric" time="0.041" /><testcase classname="tests.test_admin_metrics.TestAdminMetricsAPI" name="test_admin_metrics_conversion_rate_valid_range" time="0.042" /><testcase classname="tests.test_admin_metrics.TestAdminMetricsAPI" name="test_admin_metrics_user_roles_correct" time="0.043" /><testcase classname="tests.test_admin_metrics.TestAdminMetricsAPI" name="test_admin_metrics_shops_structure" time="0.038" /><testcase classname="tests.test_admin_metrics.TestAdminAllWorkAPI" name="test_admin_all_work_endpoint_returns_200" time="0.039" /><testcase classname="tests.test_admin_metrics.TestAdminAllWorkAPI" name="test_admin_all_work_has_required_sections" time="0.040" /><testcase classname="tests.test_admin_metrics.TestAdminAllWorkAPI" name="test_admin_all_work_summary_structure" time="0.043" /></testsuite></testsuites>