<?xml version="1.0" encoding="utf-8"?><testsuites name="pytest tests"><testsuite name="pytest" errors="0" failures="0" skipped="0" tests="16" time="3.129" timestamp="2026-01-24T02:35:09.123632+00:00" hostname="agent-env-f3864572-513b-41ea-9cd8-98f1a1259236"><testcase classname="backend.tests.test_crm_api.TestAuthLogin" name="test_login_mario_success" time="0.314" /><testcase classname="backend.tests.test_crm_api.TestAuthLogin" name="test_login_invalid_credentials" time="0.040" /><testcase classname="backend.tests.test_crm_api.TestCRMDashboard" name="test_get_dashboard_stats" time="0.052" /><testcase classname="backend.tests.test_crm_api.TestCRMContacts" name="test_get_contacts_empty_or_list" time="0.074" /><testcase classname="backend.tests.test_crm_api.TestCRMContacts" name="test_create_contact_and_verify" time="0.147" /><testcase classname="backend.tests.test_crm_api.TestCRMContacts" name="test_update_contact_and_verify" time="0.190" /><testcase classname="backend.tests.test_crm_api.TestCRMContacts" name="test_delete_contact_and_verify" time="0.140" /><testcase classname="backend.tests.test_crm_api.TestCRMContacts" name="test_filter_contacts_by_status" time="0.237" /><testcase classname="backend.tests.test_crm_api.TestCRMOpportunities" name="test_get_opportunities_list" time="0.097" /><testcase classname="backend.tests.test_crm_api.TestCRMOpportunities" name="test_create_opportunity_and_verify" time="0.287" /><testcase classname="backend.tests.test_crm_api.TestCRMOpportunities" name="test_update_opportunity_stage" time="0.382" /><testcase classname="backend.tests.test_crm_api.TestCRMOpportunities" name="test_opportunity_won_stage" time="0.236" /><testcase classname="backend.tests.test_crm_api.TestCRMOpportunities" name="test_delete_opportunity" time="0.241" /><testcase classname="backend.tests.test_crm_api.TestCRMActivities" name="test_get_activities_list" time="0.068" /><testcase classname="backend.tests.test_crm_api.TestCRMActivities" name="test_create_activity" time="0.115" /><testcase classname="backend.tests.test_crm_api.TestCRMIntegration" name="test_full_crm_workflow" time="0.383" /></testsuite></testsuites>